                                      1 ;--------------------------------------------------------
                                      2 ; File Created by SDCC : free open source ANSI-C Compiler
                                      3 ; Version 4.0.4 #11952 (MINGW64)
                                      4 ;--------------------------------------------------------
                                      5 	.module data_ptrs
                                      6 	.optsdcc -mgbz80
                                      7 	
                                      8 ;--------------------------------------------------------
                                      9 ; Public variables in this module
                                     10 ;--------------------------------------------------------
                                     11 	.globl _music_banks
                                     12 	.globl _music_tracks
                                     13 	.globl _avatar_bank_ptrs
                                     14 	.globl _collision_bank_ptrs
                                     15 	.globl _scene_bank_ptrs
                                     16 	.globl _sprite_bank_ptrs
                                     17 	.globl _palette_bank_ptrs
                                     18 	.globl _background_attr_bank_ptrs
                                     19 	.globl _background_bank_ptrs
                                     20 	.globl _tileset_bank_ptrs
                                     21 	.globl _script_variables
                                     22 	.globl _engine_fields_addr
                                     23 	.globl _fade_style
                                     24 	.globl _topdown_grid
                                     25 	.globl _plat_max_fall_vel
                                     26 	.globl _plat_hold_grav
                                     27 	.globl _plat_grav
                                     28 	.globl _plat_jump_vel
                                     29 	.globl _plat_dec
                                     30 	.globl _plat_run_acc
                                     31 	.globl _plat_walk_acc
                                     32 	.globl _plat_run_vel
                                     33 	.globl _plat_walk_vel
                                     34 	.globl _plat_min_vel
                                     35 	.globl _start_player_anim_speed
                                     36 	.globl _start_player_move_speed
                                     37 	.globl _start_player_sprite
                                     38 	.globl _start_scene_dir_y
                                     39 	.globl _start_scene_dir_x
                                     40 	.globl _start_scene_y
                                     41 	.globl _start_scene_x
                                     42 	.globl _start_scene_index
                                     43 ;--------------------------------------------------------
                                     44 ; special function registers
                                     45 ;--------------------------------------------------------
                                     46 ;--------------------------------------------------------
                                     47 ; ram data
                                     48 ;--------------------------------------------------------
                                     49 	.area _DATA
      000000                         50 _start_scene_index::
      000000                         51 	.ds 2
      000002                         52 _start_scene_x::
      000002                         53 	.ds 2
      000004                         54 _start_scene_y::
      000004                         55 	.ds 2
      000006                         56 _start_scene_dir_x::
      000006                         57 	.ds 1
      000007                         58 _start_scene_dir_y::
      000007                         59 	.ds 1
      000008                         60 _start_player_sprite::
      000008                         61 	.ds 2
      00000A                         62 _start_player_move_speed::
      00000A                         63 	.ds 1
      00000B                         64 _start_player_anim_speed::
      00000B                         65 	.ds 1
      00000C                         66 _plat_min_vel::
      00000C                         67 	.ds 2
      00000E                         68 _plat_walk_vel::
      00000E                         69 	.ds 2
      000010                         70 _plat_run_vel::
      000010                         71 	.ds 2
      000012                         72 _plat_walk_acc::
      000012                         73 	.ds 2
      000014                         74 _plat_run_acc::
      000014                         75 	.ds 2
      000016                         76 _plat_dec::
      000016                         77 	.ds 2
      000018                         78 _plat_jump_vel::
      000018                         79 	.ds 2
      00001A                         80 _plat_grav::
      00001A                         81 	.ds 2
      00001C                         82 _plat_hold_grav::
      00001C                         83 	.ds 2
      00001E                         84 _plat_max_fall_vel::
      00001E                         85 	.ds 2
      000020                         86 _topdown_grid::
      000020                         87 	.ds 1
      000021                         88 _fade_style::
      000021                         89 	.ds 1
      000022                         90 _engine_fields_addr::
      000022                         91 	.ds 2
      000024                         92 _script_variables::
      000024                         93 	.ds 500
                                     94 ;--------------------------------------------------------
                                     95 ; absolute external ram data
                                     96 ;--------------------------------------------------------
                                     97 	.area _DABS (ABS)
                                     98 ;--------------------------------------------------------
                                     99 ; global & static initialisations
                                    100 ;--------------------------------------------------------
                                    101 	.area _HOME
                                    102 	.area _GSINIT
                                    103 	.area _GSFINAL
                                    104 	.area _GSINIT
                                    105 ;C:/Users/Matte/AppData/Local/Temp/_gbsbuild/src/data/data_ptrs.c:51: unsigned int start_scene_index = 0x0000;
      000000 21r00r00               106 	ld	hl, #_start_scene_index
      000003 36 00                  107 	ld	(hl), #0x00
      000005 23                     108 	inc	hl
      000006 36 00                  109 	ld	(hl), #0x00
                                    110 ;C:/Users/Matte/AppData/Local/Temp/_gbsbuild/src/data/data_ptrs.c:52: int start_scene_x = 0x0048;
      000008 21r02r00               111 	ld	hl, #_start_scene_x
      00000B 36 48                  112 	ld	(hl), #0x48
      00000D 23                     113 	inc	hl
      00000E 36 00                  114 	ld	(hl), #0x00
                                    115 ;C:/Users/Matte/AppData/Local/Temp/_gbsbuild/src/data/data_ptrs.c:53: int start_scene_y = 0x0058;
      000010 21r04r00               116 	ld	hl, #_start_scene_y
      000013 36 58                  117 	ld	(hl), #0x58
      000015 23                     118 	inc	hl
      000016 36 00                  119 	ld	(hl), #0x00
                                    120 ;C:/Users/Matte/AppData/Local/Temp/_gbsbuild/src/data/data_ptrs.c:55: char start_scene_dir_x = 0;
      000018 21r06r00               121 	ld	hl, #_start_scene_dir_x
      00001B 36 00                  122 	ld	(hl), #0x00
                                    123 ;C:/Users/Matte/AppData/Local/Temp/_gbsbuild/src/data/data_ptrs.c:56: char start_scene_dir_y = 1;
      00001D 21r07r00               124 	ld	hl, #_start_scene_dir_y
      000020 36 01                  125 	ld	(hl), #0x01
                                    126 ;C:/Users/Matte/AppData/Local/Temp/_gbsbuild/src/data/data_ptrs.c:57: unsigned int start_player_sprite = 0;
      000022 21r08r00               127 	ld	hl, #_start_player_sprite
      000025 36 00                  128 	ld	(hl), #0x00
      000027 23                     129 	inc	hl
      000028 36 00                  130 	ld	(hl), #0x00
                                    131 ;C:/Users/Matte/AppData/Local/Temp/_gbsbuild/src/data/data_ptrs.c:58: unsigned char start_player_move_speed = 1;
      00002A 21r0Ar00               132 	ld	hl, #_start_player_move_speed
      00002D 36 01                  133 	ld	(hl), #0x01
                                    134 ;C:/Users/Matte/AppData/Local/Temp/_gbsbuild/src/data/data_ptrs.c:59: unsigned char start_player_anim_speed = 255;
      00002F 21r0Br00               135 	ld	hl, #_start_player_anim_speed
      000032 36 FF                  136 	ld	(hl), #0xff
                                    137 ;C:/Users/Matte/AppData/Local/Temp/_gbsbuild/src/data/data_ptrs.c:60: WORD plat_min_vel = 304;
      000034 21r0Cr00               138 	ld	hl, #_plat_min_vel
      000037 36 30                  139 	ld	(hl), #0x30
      000039 23                     140 	inc	hl
      00003A 36 01                  141 	ld	(hl), #0x01
                                    142 ;C:/Users/Matte/AppData/Local/Temp/_gbsbuild/src/data/data_ptrs.c:61: WORD plat_walk_vel = 6400;
      00003C 21r0Er00               143 	ld	hl, #_plat_walk_vel
      00003F 36 00                  144 	ld	(hl), #0x00
      000041 23                     145 	inc	hl
      000042 36 19                  146 	ld	(hl), #0x19
                                    147 ;C:/Users/Matte/AppData/Local/Temp/_gbsbuild/src/data/data_ptrs.c:62: WORD plat_run_vel = 10496;
      000044 21r10r00               148 	ld	hl, #_plat_run_vel
      000047 36 00                  149 	ld	(hl), #0x00
      000049 23                     150 	inc	hl
      00004A 36 29                  151 	ld	(hl), #0x29
                                    152 ;C:/Users/Matte/AppData/Local/Temp/_gbsbuild/src/data/data_ptrs.c:63: WORD plat_walk_acc = 152;
      00004C 21r12r00               153 	ld	hl, #_plat_walk_acc
      00004F 36 98                  154 	ld	(hl), #0x98
      000051 23                     155 	inc	hl
      000052 36 00                  156 	ld	(hl), #0x00
                                    157 ;C:/Users/Matte/AppData/Local/Temp/_gbsbuild/src/data/data_ptrs.c:64: WORD plat_run_acc = 228;
      000054 21r14r00               158 	ld	hl, #_plat_run_acc
      000057 36 E4                  159 	ld	(hl), #0xe4
      000059 23                     160 	inc	hl
      00005A 36 00                  161 	ld	(hl), #0x00
                                    162 ;C:/Users/Matte/AppData/Local/Temp/_gbsbuild/src/data/data_ptrs.c:65: WORD plat_dec = 208;
      00005C 21r16r00               163 	ld	hl, #_plat_dec
      00005F 36 D0                  164 	ld	(hl), #0xd0
      000061 23                     165 	inc	hl
      000062 36 00                  166 	ld	(hl), #0x00
                                    167 ;C:/Users/Matte/AppData/Local/Temp/_gbsbuild/src/data/data_ptrs.c:66: WORD plat_jump_vel = 16384;
      000064 21r18r00               168 	ld	hl, #_plat_jump_vel
      000067 36 00                  169 	ld	(hl), #0x00
      000069 23                     170 	inc	hl
      00006A 36 40                  171 	ld	(hl), #0x40
                                    172 ;C:/Users/Matte/AppData/Local/Temp/_gbsbuild/src/data/data_ptrs.c:67: WORD plat_grav = 1792;
      00006C 21r1Ar00               173 	ld	hl, #_plat_grav
      00006F 36 00                  174 	ld	(hl), #0x00
      000071 23                     175 	inc	hl
      000072 36 07                  176 	ld	(hl), #0x07
                                    177 ;C:/Users/Matte/AppData/Local/Temp/_gbsbuild/src/data/data_ptrs.c:68: WORD plat_hold_grav = 512;
      000074 21r1Cr00               178 	ld	hl, #_plat_hold_grav
      000077 36 00                  179 	ld	(hl), #0x00
      000079 23                     180 	inc	hl
      00007A 36 02                  181 	ld	(hl), #0x02
                                    182 ;C:/Users/Matte/AppData/Local/Temp/_gbsbuild/src/data/data_ptrs.c:69: WORD plat_max_fall_vel = 20000;
      00007C 21r1Er00               183 	ld	hl, #_plat_max_fall_vel
      00007F 36 20                  184 	ld	(hl), #0x20
      000081 23                     185 	inc	hl
      000082 36 4E                  186 	ld	(hl), #0x4e
                                    187 ;C:/Users/Matte/AppData/Local/Temp/_gbsbuild/src/data/data_ptrs.c:70: UBYTE topdown_grid = 8;
      000084 21r20r00               188 	ld	hl, #_topdown_grid
      000087 36 08                  189 	ld	(hl), #0x08
                                    190 ;C:/Users/Matte/AppData/Local/Temp/_gbsbuild/src/data/data_ptrs.c:72: UBYTE *engine_fields_addr = &plat_min_vel;
      000089 21r22r00               191 	ld	hl, #_engine_fields_addr
      00008C 36r0C                  192 	ld	(hl), #<(_plat_min_vel)
      00008E 23                     193 	inc	hl
      00008F 36s00                  194 	ld	(hl), #>(_plat_min_vel)
                                    195 ;C:/Users/Matte/AppData/Local/Temp/_gbsbuild/src/data/data_ptrs.c:74: unsigned char script_variables[500] = { 0 };
      000091 21r24r00               196 	ld	hl, #_script_variables
      000094 36 00                  197 	ld	(hl), #0x00
                                    198 ;--------------------------------------------------------
                                    199 ; Home
                                    200 ;--------------------------------------------------------
                                    201 	.area _HOME
                                    202 	.area _HOME
                                    203 ;--------------------------------------------------------
                                    204 ; code
                                    205 ;--------------------------------------------------------
                                    206 	.area _CODE_5
                                    207 	.area _CODE_5
      000000                        208 _tileset_bank_ptrs:
      000000 06                     209 	.db #0x06	; 6
      000001 04 19                  210 	.dw #0x1904
      000003 06                     211 	.db #0x06	; 6
      000004 B5 20                  212 	.dw #0x20b5
      000006                        213 _background_bank_ptrs:
      000006 06                     214 	.db #0x06	; 6
      000007 16 2C                  215 	.dw #0x2c16
      000009 06                     216 	.db #0x06	; 6
      00000A 81 2D                  217 	.dw #0x2d81
      00000C 06                     218 	.db #0x06	; 6
      00000D EC 2E                  219 	.dw #0x2eec
      00000F 06                     220 	.db #0x06	; 6
      000010 57 30                  221 	.dw #0x3057
      000012 06                     222 	.db #0x06	; 6
      000013 C2 31                  223 	.dw #0x31c2
      000015                        224 _background_attr_bank_ptrs:
      000015 07                     225 	.db #0x07	; 7
      000016 68 01                  226 	.dw #0x0168
      000018 07                     227 	.db #0x07	; 7
      000019 D0 02                  228 	.dw #0x02d0
      00001B 07                     229 	.db #0x07	; 7
      00001C 38 04                  230 	.dw #0x0438
      00001E 07                     231 	.db #0x07	; 7
      00001F A0 05                  232 	.dw #0x05a0
      000021 07                     233 	.db #0x07	; 7
      000022 08 07                  234 	.dw #0x0708
      000024 07                     235 	.db #0x07	; 7
      000025 70 08                  236 	.dw #0x0870
      000027 07                     237 	.db #0x07	; 7
      000028 D8 09                  238 	.dw #0x09d8
      00002A                        239 _palette_bank_ptrs:
      00002A 06                     240 	.db #0x06	; 6
      00002B C6 2B                  241 	.dw #0x2bc6
      00002D 06                     242 	.db #0x06	; 6
      00002E CE 2B                  243 	.dw #0x2bce
      000030 06                     244 	.db #0x06	; 6
      000031 D6 2B                  245 	.dw #0x2bd6
      000033 06                     246 	.db #0x06	; 6
      000034 06 2C                  247 	.dw #0x2c06
      000036 06                     248 	.db #0x06	; 6
      000037 06 2C                  249 	.dw #0x2c06
      000039                        250 _sprite_bank_ptrs:
      000039 06                     251 	.db #0x06	; 6
      00003A 2D 33                  252 	.dw #0x332d
      00003C 06                     253 	.db #0x06	; 6
      00003D AE 33                  254 	.dw #0x33ae
      00003F 06                     255 	.db #0x06	; 6
      000040 2F 34                  256 	.dw #0x342f
      000042 06                     257 	.db #0x06	; 6
      000043 B0 34                  258 	.dw #0x34b0
      000045 06                     259 	.db #0x06	; 6
      000046 31 35                  260 	.dw #0x3531
      000048 06                     261 	.db #0x06	; 6
      000049 B2 35                  262 	.dw #0x35b2
      00004B 06                     263 	.db #0x06	; 6
      00004C 33 36                  264 	.dw #0x3633
      00004E 06                     265 	.db #0x06	; 6
      00004F B4 36                  266 	.dw #0x36b4
      000051                        267 _scene_bank_ptrs:
      000051 07                     268 	.db #0x07	; 7
      000052 40 0B                  269 	.dw #0x0b40
      000054 06                     270 	.db #0x06	; 6
      000055 E5 3F                  271 	.dw #0x3fe5
      000057 07                     272 	.db #0x07	; 7
      000058 6E 0B                  273 	.dw #0x0b6e
      00005A 07                     274 	.db #0x07	; 7
      00005B 18 0C                  275 	.dw #0x0c18
      00005D 07                     276 	.db #0x07	; 7
      00005E 2E 0C                  277 	.dw #0x0c2e
      000060 07                     278 	.db #0x07	; 7
      000061 E4 0C                  279 	.dw #0x0ce4
      000063 07                     280 	.db #0x07	; 7
      000064 FA 0C                  281 	.dw #0x0cfa
      000066                        282 _collision_bank_ptrs:
      000066 06                     283 	.db #0x06	; 6
      000067 75 37                  284 	.dw #0x3775
      000069 06                     285 	.db #0x06	; 6
      00006A DD 38                  286 	.dw #0x38dd
      00006C 06                     287 	.db #0x06	; 6
      00006D 45 3A                  288 	.dw #0x3a45
      00006F 06                     289 	.db #0x06	; 6
      000070 AD 3B                  290 	.dw #0x3bad
      000072 06                     291 	.db #0x06	; 6
      000073 15 3D                  292 	.dw #0x3d15
      000075 06                     293 	.db #0x06	; 6
      000076 7D 3E                  294 	.dw #0x3e7d
      000078 07                     295 	.db #0x07	; 7
      000079 00 00                  296 	.dw #0x0000
      00007B                        297 _avatar_bank_ptrs:
      00007B 00                     298 	.db #0x00	; 0
      00007C 00 00                  299 	.dw #0x0000
      00007E                        300 _music_tracks:
      00007E 00 00                  301 	.dw #0x0000
      000080 00 00                  302 	.dw #0x0000
      000082                        303 _music_banks:
      000082 00                     304 	.db #0x00	; 0
      000083 00                     305 	.db #0x00	; 0
                                    306 	.area _CABS (ABS)
